e:\abhishek\12-evaluation_project - copy\osgcadmodeller\osgcadmodeller\x64\debug\osgcadmodeller.pch
e:\abhishek\12-evaluation_project - copy\osgcadmodeller\osgcadmodeller\x64\debug\vc143.pdb
e:\abhishek\12-evaluation_project - copy\osgcadmodeller\osgcadmodeller\x64\debug\stdafx.obj
e:\abhishek\12-evaluation_project - copy\osgcadmodeller\osgcadmodeller\x64\debug\moc_osgcadmodeller.obj
e:\abhishek\12-evaluation_project - copy\osgcadmodeller\osgcadmodeller\x64\debug\qrc_osgcadmodeller.obj
e:\abhishek\12-evaluation_project - copy\osgcadmodeller\osgcadmodeller\x64\debug\moc_visualizer.obj
e:\abhishek\12-evaluation_project - copy\osgcadmodeller\osgcadmodeller\x64\debug\osgcadmodeller.obj
e:\abhishek\12-evaluation_project - copy\osgcadmodeller\osgcadmodeller\x64\debug\visualizer.obj
e:\abhishek\12-evaluation_project - copy\osgcadmodeller\osgcadmodeller\x64\debug\main.obj
e:\abhishek\12-evaluation_project\osgcadmodeller\x64\debug\osgcadmodeller.exe
e:\abhishek\12-evaluation_project\osgcadmodeller\x64\debug\osgcadmodeller.pdb
e:\abhishek\12-evaluation_project - copy\osgcadmodeller\x64\debug\osgcadmodeller.exe
e:\abhishek\12-evaluation_project - copy\osgcadmodeller\x64\debug\osgcadmodeller.pdb
e:\abhishek\12-evaluation_project - copy\osgcadmodeller\osgcadmodeller\x64\debug\moc\moc_visualizer.cpp
e:\abhishek\12-evaluation_project\osgcadmodeller\osgcadmodeller\x64\debug\uic\ui_osgcadmodeller.h
e:\abhishek\12-evaluation_project\osgcadmodeller\osgcadmodeller\x64\debug\rcc\qrc_osgcadmodeller.cpp
e:\abhishek\12-evaluation_project\osgcadmodeller\osgcadmodeller\x64\debug\moc\moc_visualizer.cpp
e:\abhishek\12-evaluation_project\osgcadmodeller\osgcadmodeller\x64\debug\moc\moc_osgcadmodeller.cpp
e:\abhishek\12-evaluation_project - copy\osgcadmodeller\osgcadmodeller\x64\debug\uic\ui_osgcadmodeller.h
e:\abhishek\12-evaluation_project - copy\osgcadmodeller\osgcadmodeller\x64\debug\rcc\qrc_osgcadmodeller.cpp
e:\abhishek\12-evaluation_project - copy\osgcadmodeller\osgcadmodeller\x64\debug\moc\moc_osgcadmodeller.cpp
e:\abhishek\12-evaluation_project - copy\osgcadmodeller\osgcadmodeller\x64\debug\moc\visualizer.moc
e:\abhishek\12-evaluation_project\osgcadmodeller\osgcadmodeller\x64\debug\osgcadmodeller.res
e:\abhishek\12-evaluation_project - copy\osgcadmodeller\osgcadmodeller\x64\debug\osgcadmodeller.res
e:\abhishek\12-evaluation_project - copy\osgcadmodeller\x64\debug\osgcadmodeller.ilk
e:\abhishek\12-evaluation_project - copy\osgcadmodeller\osgcadmodeller\x64\debug\osgcadmodeller.tlog\cl.command.1.tlog
e:\abhishek\12-evaluation_project - copy\osgcadmodeller\osgcadmodeller\x64\debug\osgcadmodeller.tlog\cl.items.tlog
e:\abhishek\12-evaluation_project - copy\osgcadmodeller\osgcadmodeller\x64\debug\osgcadmodeller.tlog\cl.read.1.tlog
e:\abhishek\12-evaluation_project - copy\osgcadmodeller\osgcadmodeller\x64\debug\osgcadmodeller.tlog\cl.write.1.tlog
e:\abhishek\12-evaluation_project - copy\osgcadmodeller\osgcadmodeller\x64\debug\osgcadmodeller.tlog\link.command.1.tlog
e:\abhishek\12-evaluation_project - copy\osgcadmodeller\osgcadmodeller\x64\debug\osgcadmodeller.tlog\link.read.1.tlog
e:\abhishek\12-evaluation_project - copy\osgcadmodeller\osgcadmodeller\x64\debug\osgcadmodeller.tlog\link.secondary.1.tlog
e:\abhishek\12-evaluation_project - copy\osgcadmodeller\osgcadmodeller\x64\debug\osgcadmodeller.tlog\link.write.1.tlog
e:\abhishek\12-evaluation_project - copy\osgcadmodeller\osgcadmodeller\x64\debug\osgcadmodeller.tlog\moc.read.1u.tlog
e:\abhishek\12-evaluation_project - copy\osgcadmodeller\osgcadmodeller\x64\debug\osgcadmodeller.tlog\moc.write.1u.tlog
e:\abhishek\12-evaluation_project - copy\osgcadmodeller\osgcadmodeller\x64\debug\osgcadmodeller.tlog\osgcadmodeller.write.1u.tlog
e:\abhishek\12-evaluation_project - copy\osgcadmodeller\osgcadmodeller\x64\debug\osgcadmodeller.tlog\rc.command.1.tlog
e:\abhishek\12-evaluation_project - copy\osgcadmodeller\osgcadmodeller\x64\debug\osgcadmodeller.tlog\rc.read.1.tlog
e:\abhishek\12-evaluation_project - copy\osgcadmodeller\osgcadmodeller\x64\debug\osgcadmodeller.tlog\rc.write.1.tlog
e:\abhishek\12-evaluation_project - copy\osgcadmodeller\osgcadmodeller\x64\debug\osgcadmodeller.tlog\rcc.read.1u.tlog
e:\abhishek\12-evaluation_project - copy\osgcadmodeller\osgcadmodeller\x64\debug\osgcadmodeller.tlog\rcc.write.1u.tlog
e:\abhishek\12-evaluation_project - copy\osgcadmodeller\osgcadmodeller\x64\debug\osgcadmodeller.tlog\uic.read.1u.tlog
e:\abhishek\12-evaluation_project - copy\osgcadmodeller\osgcadmodeller\x64\debug\osgcadmodeller.tlog\uic.write.1u.tlog
